[@HPAGateway] Registered to HPA.
[0] 97.0
[0] 72.0
[0] 103.0
[0] 130.0
[0] 120.0
[0] 80.0
[0] 141.0
[0] 131.0
[0] 113.0
[0] 81.0
[0] 136.0
------------------------
136.0
------------------------
[@HPAGateway] Making request: 34.66.16.155:8081/136
[0] 126.0
[0] 95.0
[0] 59.0
[0] 98.0
[@HPAGateway] Registered to HPA.
[0] 68.0
[1] 67.0
[0] 52.0
[1] 30.0
[0] 69.0
[@HPAGateway] Registered to HPA.
[1] 70.0
[0] 93.0
[2] 72.0
[1] 68.0
[0] 82.0
[2] 62.0
[1] 53.0
[0] 52.0
[2] 50.0
[1] 53.0
[@HPAGateway] Registered to HPA.
[0] 63.0
[2] 63.0
[1] 50.0
[3] 86.0
------------------------
65.5
------------------------
[@HPAGateway] Making request: 34.66.16.155:8081/65
[0] 72.0
[2] 62.0
[1] 75.0
[3] 81.0
[0] 79.0
[2] 57.0
[@HPAGateway] Registered to HPA.
[1] 61.0
[3] 52.0
[@HPAGateway] Registered to HPA.
[0] 40.0
[2] 32.0
[4] 38.0
[1] 28.0
[3] 30.0
[5] 42.0
[0] 86.0
[2] 71.0
[4] 82.0
[1] 80.0
[3] 89.0
[5] 83.0
[0] 63.0
[2] 63.0
[4] 77.0
[1] 67.0
[3] 78.0
[5] 97.0
[0] 74.0
[2] 60.0
[1] 71.0
[4] 58.0
[3] 54.0
[5] 49.0
[0] 39.0
[2] 38.0
[1] 26.0
[4] 33.0
[3] 30.0
[5] 40.0
[0] 63.0
[2] 74.0
[1] 0.0
[4] 95.0
[5] 85.0
[3] 87.0
[0] 70.0
[2] 90.0
[1] 87.0
[4] 66.0
[5] 84.0
[3] 72.0
[0] 63.0
[2] 55.0
[1] 57.0
[4] 60.0
[5] 0.0
[3] 52.0
[0] 33.0
[2] 43.0
[1] 38.0
[4] 45.0
[5] 28.0
[3] 102.0
[0] 94.0
[2] 0.0
[1] 94.0
[4] 87.0
------------------------
67.5
------------------------
[5] 65.0
[3] 68.0
[@HPAGateway] Making request: 34.66.16.155:8081/67
[0] 70.0
[2] 80.0
[1] 94.0
[4] 77.0
[5] 66.0
[3] 56.0
[0] 80.0
[2] 64.0
[1] 46.0
[4] 57.0
[5] 36.0
[3] 63.0
[0] 48.0
[2] 28.0
[1] 57.0
[4] 61.0
[5] 58.0
[3] 37.0
[0] 82.0
[2] 75.0
[1] 91.0
[4] 72.0
[5] 98.0
[3] 82.0
[0] 89.0
[2] 84.0
[1] 78.0
[4] 79.0
[5] 65.0
[3] 83.0
[0] 69.0
[2] 49.0
[1] 55.0
[4] 67.0
[5] 42.0
[3] 59.0
[0] 37.0
[2] 46.0
[1] 72.0
[4] 47.0
[5] 68.0
[3] 42.0
[0] 83.0
[2] 89.0
[1] 93.0
[4] 98.0
[5] 98.0
[3] 88.0
[0] 0.0
[2] 76.0
[1] 89.0
[4] 82.0
[5] 78.0
[3] 84.0
[0] 67.0
[2] 58.0
[1] 59.0
[4] 41.0
[5] 41.0
[3] 47.0
[0] 34.0
[2] 85.0
[1] 48.0
[4] 58.0
[5] 43.0
[3] 42.0
[0] 86.0
[2] 78.0
------------------------
59.1666666666666666666
------------------------
[@HPAGateway] Making request: 34.66.16.155:8081/59
[1] 91.0
[4] 101.0
[5] 88.0
[3] 73.0
[0] 84.0
[2] 70.0
[1] 70.0
[4] 0.0
[5] 71.0
[3] 86.0
[0] 55.0
[2] 59.0
[1] 57.0
[4] 67.0
[5] 44.0
[3] 48.0
[0] 67.0
[2] 55.0
[1] 89.0
[4] 100.0
[3] 64.0
[5] 82.0
[0] 118.0
[2] 96.0
[4] 91.0
[1] 79.0
[3] 87.0
[5] 87.0
[0] 57.0
[2] 80.0
[4] 81.0
[1] 91.0
[3] 85.0
[5] 74.0
[0] 67.0
[2] 47.0
[1] 46.0
[4] 53.0
[3] 47.0
[5] 44.0
[0] 45.0
[2] 44.0
[4] 73.0
[1] 83.0
[3] 51.0
[5] 46.0
[0] 93.0
[2] 96.0
[4] 82.0
[1] 91.0
[3] 85.0
[5] 81.0
[0] 90.0
[2] 82.0
[4] 90.0
[1] 87.0
[3] 50.0
[5] 61.0
[0] 40.0
[2] 55.0
[4] 52.0
[1] 68.0
[3] 45.0
[5] 47.0
[0] 78.0
[2] 41.0
[4] 57.0
[1] 42.0
[3] 88.0
[5] 81.0
------------------------
64.5
------------------------
[@HPAGateway] Making request: 34.66.16.155:8081/64
[0] 86.0
[2] 79.0
[4] 74.0
[1] 65.0
[3] 85.0
[5] 75.0
[0] 78.0
[2] 77.0
[4] 69.0
[1] 89.0
[3] 73.0
[5] 59.0
[0] 62.0
[2] 53.0
[1] 67.0
[4] 54.0
[3] 46.0
[5] 29.0
[0] 51.0
[2] 61.0
[4] 73.0
[1] 66.0
[3] 46.0
[5] 64.0
[0] 73.0
[2] 55.0
[4] 91.0
[1] 87.0
[3] 73.0
[5] 70.0
[0] 72.0
[2] 63.0
[1] 65.0
[4] 85.0
[3] 92.0
[5] 58.0
[0] 53.0
[2] 40.0
[4] 61.0
[1] 57.0
[3] 36.0
[5] 49.0
[0] 77.0
[2] 85.0
[4] 24.0
[1] 70.0
[3] 76.0
[5] 70.0
[0] 84.0
[2] 86.0
[4] 0.0
[1] 92.0
[3] 84.0
[5] 97.0
[0] 74.0
[2] 78.0
[4] 65.0
[1] 87.0
[3] 76.0
[5] 78.0
[0] 66.0
[2] 43.0
[4] 37.0
[1] 30.0
[3] 44.0
[5] 42.0
[0] 81.0
[2] 34.0
[4] 69.0
[1] 65.0
[3] 81.0
[5] 63.0
------------------------
65.5
------------------------
[@HPAGateway] Making request: 34.66.16.155:8081/65
[0] 112.0
[2] 75.0
[4] 61.0
[1] 79.0
[3] 68.0
[5] 82.0
[0] 91.0
[2] 80.0
[4] 62.0
[1] 84.0
[3] 83.0
[5] 69.0
[2] 52.0
[0] 43.0
[4] 40.0
[1] 38.0
[3] 41.0
[5] 45.0
[0] 42.0
[2] 56.0
[4] 64.0
[1] 57.0
[3] 70.0
[5] 91.0
[0] 65.0
[2] 78.0
[4] 93.0
[1] 0.0
[3] 0.0
[5] 0.0
