[@HPAGateway] Registered to HPA.
[0] 88.8260869565217391304
[0] 76.1034482758620689655
[0] 44.48
[0] 87.4
[0] 85.8666666666666666666
[0] 65.68
[0] 50.44
[0] 102.28
[0] 84.0
[0] 70.9230769230769230769
[0] 69.8
------------------------
69.8
------------------------
[@HPAGateway] Making request: 34.66.16.155:8081/69
[0] 96.44
[0] 93.2592592592592592592
[0] 56.3703703703703703703
[0] 52.36
[0] 87.12
[0] 81.6
[0] 55.0344827586206896551
[0] 69.28
[0] 90.36
[0] 67.9666666666666666666
[0] 48.2
------------------------
48.2
------------------------
[@HPAGateway] Making request: 34.66.16.155:8081/48
[0] 76.64
[0] 89.64
[0] 81.92
[0] 41.3928571428571428571
[0] 91.8
[0] 82.24
[0] 76.28
[0] 43.3571428571428571428
[0] 92.24
[0] 79.2
[0] 60.64
[0] 67.7142857142857142857
------------------------
67.7142857142857142857
------------------------
[@HPAGateway] Making request: 34.66.16.155:8081/67
[0] 86.52
[0] 83.0344827586206896551
[0] 46.44
[0] 65.72
[0] 85.1666666666666666666
[0] 76.12
[0] 53.8
[0] 77.2333333333333333333
[0] 89.12
[0] 70.84
[0] 44.28
------------------------
44.28
------------------------
[@HPAGateway] Making request: 34.66.16.155:8081/44
[0] 82.68
[0] 87.4482758620689655172
[0] 77.32
[0] 48.92
[0] 94.12
[0] 86.84
[0] 69.8928571428571428571
[0] 55.84
[0] 88.48
[0] 83.2
[0] 62.8275862068965517241
------------------------
62.8275862068965517241
------------------------
[@HPAGateway] Making request: 34.66.16.155:8081/62
[0] 63.2
[0] 90.8
[0] 81.04
[0] 59.2
[0] 61.44
[0] 89.64
[0] 70.56
[0] 52.6666666666666666666
[0] 75.6
[0] 86.92
[0] 72.56
[0] 48.1666666666666666666
------------------------
48.1666666666666666666
------------------------
[@HPAGateway] Making request: 34.66.16.155:8081/48
[0] 83.6
[0] 87.12
[0] 65.9166666666666666666
[0] 49.72
[0] 74.2222222222222222222
[0] 94.5714285714285714285
[0] -15581492618384294731.3374607431768211456
[0] -15581492618384294731.3374607431768211456
[0] -15581492618384294731.3374607431768211456
[0] -15581492618384294731.3374607431768211456
[0] -15581492618384294731.3374607431768211456
------------------------
-15581492618384294731.3374607431768211456
------------------------
