[@HPAGateway] Registered to HPA.
[0] 326.0
[0] 75.0
[0] 76.0
[0] 299.0
[0] 61.0
[0] 72.0
[0] 73.0
[0] 83.0
[0] 74.0
------------------------
74.0
------------------------
[@HPAGateway] Making request: 34.66.16.155:8081/74
[0] 74.0
[0] 76.0
[0] 77.0
[0] 75.0
[0] 86.0
[0] 64.0
[0] 85.0
[0] 80.0
[0] 90.0
[0] 65.0
[0] 83.0
------------------------
83.0
------------------------
[@HPAGateway] Making request: 34.66.16.155:8081/83
[0] 68.0
[0] 78.0
[0] 77.0
[0] 107.0
[0] 78.0
[0] 80.0
[0] 78.0
[0] 80.0
[0] 74.0
[0] 76.0
[0] 81.0
------------------------
81.0
------------------------
[@HPAGateway] Making request: 34.66.16.155:8081/81
[0] 72.0
[0] 78.0
[0] 93.0
[0] 85.0
[0] 66.0
[0] 90.0
[0] 76.0
[0] 71.0
[0] 75.0
[0] 81.0
[0] 71.0
[0] 78.0
------------------------
78.0
------------------------
[@HPAGateway] Making request: 34.66.16.155:8081/78
[0] 77.0
[0] 79.0
[0] 82.0
[0] 77.0
[0] 82.0
[0] 74.0
[0] 85.0
[0] 82.0
[0] 83.0
[0] 75.0
[0] 79.0
------------------------
79.0
------------------------
[@HPAGateway] Making request: 34.66.16.155:8081/79
[0] 77.0
[0] 81.0
[0] 70.0
[0] 83.0
[0] 73.0
[0] 67.0
[0] 81.0
[0] 75.0
[0] 67.0
[0] 80.0
[0] 93.0
[0] 76.0
------------------------
76.0
------------------------
[@HPAGateway] Making request: 34.66.16.155:8081/76
[0] 79.0
[0] 76.0
[0] 51.0
[0] 73.0
[0] 0.0
[0] 0.0
